# JRE version: OpenJDK Runtime Environment Temurin-21.0.4+7 (21.0.4+7) (build 21.0.4+7-LTS)
# Java VM: OpenJDK 64-Bit Server VM Temurin-21.0.4+7 (21.0.4+7-LTS, mixed mode, emulated-client, tiered, compressed oops, compressed class ptrs, g1 gc, windows-amd64)
GC Precious Log:
 CardTable entry size: 512
 Card Set container configuration: InlinePtr #cards 5 size 8 Array Of Cards #cards 12 size 40 Howl #buckets 4 coarsen threshold 1843 Howl Bitmap #cards 512 size 80 coarsen threshold 460 Card regions per heap region 1 cards per card region 2048
 CPUs: 8 total, 8 available
 Memory: 8038M
 Large Page Support: Disabled
 NUMA Support: Disabled
 Compressed Oops: Enabled (32-bit)
 Heap Region Size: 1M
 Heap Min Capacity: 8M
 Heap Initial Capacity: 126M
 Heap Max Capacity: 2010M
 Pre-touch: Disabled
 Parallel Workers: 8
 Concurrent Workers: 2
 Concurrent Refinement Workers: 8
 Periodic GC: Disabled
Heap:
 garbage-first heap   total 89088K, used 57832K [0x0000000082600000, 0x0000000100000000)
  region size 1024K, 16 young (16384K), 4 survivors (4096K)
 Metaspace       used 86314K, committed 87104K, reserved 1179648K
  class space    used 11400K, committed 11776K, reserved 1048576K
GC Heap History (20 events):
Event: 683.398 GC heap before
{Heap before GC invocations=43 (full 4):
 garbage-first heap   total 89088K, used 34689K [0x0000000082600000, 0x0000000100000000)
  region size 1024K, 7 young (7168K), 3 survivors (3072K)
 Metaspace       used 84539K, committed 85248K, reserved 1179648K
  class space    used 11166K, committed 11520K, reserved 1048576K
}
Event: 683.454 GC heap after
{Heap after GC invocations=44 (full 5):
 garbage-first heap   total 89088K, used 23699K [0x0000000082600000, 0x0000000100000000)
  region size 1024K, 0 young (0K), 0 survivors (0K)
 Metaspace       used 84469K, committed 85248K, reserved 1179648K
  class space    used 11151K, committed 11520K, reserved 1048576K
}
Event: 684.196 GC heap before
{Heap before GC invocations=44 (full 5):
 garbage-first heap   total 89088K, used 72851K [0x0000000082600000, 0x0000000100000000)
  region size 1024K, 49 young (50176K), 0 survivors (0K)
 Metaspace       used 84816K, committed 85504K, reserved 1179648K
  class space    used 11207K, committed 11520K, reserved 1048576K
}
Event: 684.203 GC heap after
{Heap after GC invocations=45 (full 5):
 garbage-first heap   total 89088K, used 29843K [0x0000000082600000, 0x0000000100000000)
  region size 1024K, 6 young (6144K), 6 survivors (6144K)
 Metaspace       used 84816K, committed 85504K, reserved 1179648K
  class space    used 11207K, committed 11520K, reserved 1048576K
}
Event: 819.669 GC heap before
{Heap before GC invocations=46 (full 5):
 garbage-first heap   total 89088K, used 50323K [0x0000000082600000, 0x0000000100000000)
  region size 1024K, 27 young (27648K), 6 survivors (6144K)
 Metaspace       used 84943K, committed 85760K, reserved 1179648K
  class space    used 11229K, committed 11584K, reserved 1048576K
}
Event: 819.710 GC heap after
{Heap after GC invocations=47 (full 6):
 garbage-first heap   total 89088K, used 26478K [0x0000000082600000, 0x0000000100000000)
  region size 1024K, 0 young (0K), 0 survivors (0K)
 Metaspace       used 84845K, committed 85760K, reserved 1179648K
  class space    used 11206K, committed 11584K, reserved 1048576K
}
Event: 820.543 GC heap before
{Heap before GC invocations=47 (full 6):
 garbage-first heap   total 89088K, used 72558K [0x0000000082600000, 0x0000000100000000)
  region size 1024K, 46 young (47104K), 0 survivors (0K)
 Metaspace       used 85119K, committed 85824K, reserved 1179648K
  class space    used 11262K, committed 11584K, reserved 1048576K
}
Event: 820.548 GC heap after
{Heap after GC invocations=48 (full 6):
 garbage-first heap   total 89088K, used 31053K [0x0000000082600000, 0x0000000100000000)
  region size 1024K, 5 young (5120K), 5 survivors (5120K)
 Metaspace       used 85119K, committed 85824K, reserved 1179648K
  class space    used 11262K, committed 11584K, reserved 1048576K
}
Event: 852.226 GC heap before
{Heap before GC invocations=49 (full 6):
 garbage-first heap   total 89088K, used 74061K [0x0000000082600000, 0x0000000100000000)
  region size 1024K, 48 young (49152K), 5 survivors (5120K)
 Metaspace       used 85626K, committed 86400K, reserved 1179648K
  class space    used 11347K, committed 11712K, reserved 1048576K
}
Event: 852.233 GC heap after
{Heap after GC invocations=50 (full 6):
 garbage-first heap   total 89088K, used 34172K [0x0000000082600000, 0x0000000100000000)
  region size 1024K, 5 young (5120K), 5 survivors (5120K)
 Metaspace       used 85626K, committed 86400K, reserved 1179648K
  class space    used 11347K, committed 11712K, reserved 1048576K
}
Event: 868.444 GC heap before
{Heap before GC invocations=50 (full 6):
 garbage-first heap   total 89088K, used 74108K [0x0000000082600000, 0x0000000100000000)
  region size 1024K, 44 young (45056K), 5 survivors (5120K)
 Metaspace       used 85793K, committed 86528K, reserved 1179648K
  class space    used 11361K, committed 11712K, reserved 1048576K
}
Event: 868.448 GC heap after
{Heap after GC invocations=51 (full 6):
 garbage-first heap   total 89088K, used 36748K [0x0000000082600000, 0x0000000100000000)
  region size 1024K, 4 young (4096K), 4 survivors (4096K)
 Metaspace       used 85793K, committed 86528K, reserved 1179648K
  class space    used 11361K, committed 11712K, reserved 1048576K
}
Event: 876.513 GC heap before
{Heap before GC invocations=51 (full 6):
 garbage-first heap   total 89088K, used 74636K [0x0000000082600000, 0x0000000100000000)
  region size 1024K, 42 young (43008K), 4 survivors (4096K)
 Metaspace       used 85938K, committed 86720K, reserved 1179648K
  class space    used 11372K, committed 11712K, reserved 1048576K
}
Event: 876.519 GC heap after
{Heap after GC invocations=52 (full 6):
 garbage-first heap   total 89088K, used 39067K [0x0000000082600000, 0x0000000100000000)
  region size 1024K, 4 young (4096K), 4 survivors (4096K)
 Metaspace       used 85938K, committed 86720K, reserved 1179648K
  class space    used 11372K, committed 11712K, reserved 1048576K
}
Event: 884.791 GC heap before
{Heap before GC invocations=53 (full 6):
 garbage-first heap   total 89088K, used 74907K [0x0000000082600000, 0x0000000100000000)
  region size 1024K, 40 young (40960K), 4 survivors (4096K)
 Metaspace       used 86072K, committed 86848K, reserved 1179648K
  class space    used 11377K, committed 11712K, reserved 1048576K
}
Event: 884.796 GC heap after
{Heap after GC invocations=54 (full 6):
 garbage-first heap   total 89088K, used 41494K [0x0000000082600000, 0x0000000100000000)
  region size 1024K, 4 young (4096K), 4 survivors (4096K)
 Metaspace       used 86072K, committed 86848K, reserved 1179648K
  class space    used 11377K, committed 11712K, reserved 1048576K
}
Event: 885.172 GC heap before
{Heap before GC invocations=54 (full 6):
 garbage-first heap   total 89088K, used 75286K [0x0000000082600000, 0x0000000100000000)
  region size 1024K, 38 young (38912K), 4 survivors (4096K)
 Metaspace       used 86237K, committed 87040K, reserved 1179648K
  class space    used 11390K, committed 11776K, reserved 1048576K
}
Event: 885.176 GC heap after
{Heap after GC invocations=55 (full 6):
 garbage-first heap   total 89088K, used 43863K [0x0000000082600000, 0x0000000100000000)
  region size 1024K, 4 young (4096K), 4 survivors (4096K)
 Metaspace       used 86237K, committed 87040K, reserved 1179648K
  class space    used 11390K, committed 11776K, reserved 1048576K
}
Event: 890.108 GC heap before
{Heap before GC invocations=55 (full 6):
 garbage-first heap   total 89088K, used 77655K [0x0000000082600000, 0x0000000100000000)
  region size 1024K, 38 young (38912K), 4 survivors (4096K)
 Metaspace       used 86270K, committed 87104K, reserved 1179648K
  class space    used 11395K, committed 11776K, reserved 1048576K
}
Event: 890.113 GC heap after
{Heap after GC invocations=56 (full 6):
 garbage-first heap   total 89088K, used 46568K [0x0000000082600000, 0x0000000100000000)
  region size 1024K, 4 young (4096K), 4 survivors (4096K)
 Metaspace       used 86270K, committed 87104K, reserved 1179648K
  class space    used 11395K, committed 11776K, reserved 1048576K
}

